2023-04-09 19:31:54,007 [INFO] from play.api.db.DefaultDBApi in play-dev-mode-akka.actor.default-dispatcher-7 - Database [default] initialized
2023-04-09 19:31:54,017 [INFO] from play.api.db.HikariCPConnectionPool in play-dev-mode-akka.actor.default-dispatcher-7 - Creating Pool for datasource 'default'
2023-04-09 19:31:54,087 [INFO] from play.api.db.HikariCPConnectionPool in play-dev-mode-akka.actor.default-dispatcher-7 - datasource [default] bound to JNDI as DefaultDS
2023-04-09 19:31:55,200 [INFO] from play.api.http.EnabledFilters in play-dev-mode-akka.actor.default-dispatcher-7 - Enabled Filters (see <https://www.playframework.com/documentation/latest/Filters>):

    play.filters.csrf.CSRFFilter
    play.filters.headers.SecurityHeadersFilter
    play.filters.hosts.AllowedHostsFilter

2023-04-09 19:31:55,233 [INFO] from play.api.Play in play-dev-mode-akka.actor.default-dispatcher-7 - Application started (Dev) (no global state)
2023-04-09 19:32:33,859 [INFO] from application in application-akka.actor.default-dispatcher-6 - In register. 
2023-04-09 19:34:30,876 [INFO] from application in application-akka.actor.default-dispatcher-6 - In register. 
2023-04-09 19:34:47,902 [INFO] from application in application-akka.actor.default-dispatcher-6 - In register. 
2023-04-09 19:38:38,488 [INFO] from application in application-akka.actor.default-dispatcher-6 - In register. 
2023-04-09 19:38:43,204 [INFO] from application in application-akka.actor.default-dispatcher-6 - In authenticate. 
2023-04-09 19:39:13,400 [INFO] from application in application-akka.actor.default-dispatcher-6 - In Update. 
2023-04-09 19:39:20,155 [INFO] from application in application-akka.actor.default-dispatcher-6 - In authenticate. 
2023-04-09 19:39:30,930 [INFO] from play.api.internal.libs.concurrent.CoordinatedShutdownSupport in pool-9-thread-3 - Starting synchronous coordinated shutdown with ServerStoppedReason reason and 35000 milliseconds timeout
2023-04-09 19:39:30,935 [INFO] from play.core.server.AkkaHttpServer in pool-9-thread-3 - Stopping Akka HTTP server...
2023-04-09 19:39:30,950 [INFO] from play.core.server.AkkaHttpServer in play-dev-mode-akka.actor.internal-dispatcher-12 - Terminating server binding for /0:0:0:0:0:0:0:0:9005
2023-04-09 19:39:30,983 [INFO] from play.api.db.HikariCPConnectionPool in application-akka.actor.internal-dispatcher-3 - Shutting down connection pool.
2023-04-09 19:39:31,047 [INFO] from play.core.server.AkkaHttpServer in play-dev-mode-akka.actor.internal-dispatcher-2 - Running provided shutdown stop hooks
